<?xml version="1.0" encoding="UTF-8"?>
<!-- Generated by org.testng.reporters.JUnitReportReporter -->
<testsuite skipped="0" hostname="kovida" name="com.crm.testscripts.Admintest2" tests="1" failures="0" timestamp="04 Apr 2018 08:53:07 GMT" time="22.654" errors="0">
  <testcase name="creatingLeadWithCsvFile" time="22.654" classname="com.crm.testscripts.Admintest2"/>
</testsuite> <!-- com.crm.testscripts.Admintest2 -->
